<?xml version="1.0" encoding="UTF-8"?>
<!-- Generated by org.testng.reporters.JUnitReportReporter -->
<testsuite hostname="Lenovo-PC" failures="0" tests="3" name="com.hrms.qa.testcases.HomePageTest" time="71.426" errors="0" timestamp="2020-03-01T16:58:27 IST" skipped="0">
  <testcase classname="com.hrms.qa.testcases.HomePageTest" name="HomePageTitleTest" time="21.204"/>
  <testcase classname="com.hrms.qa.testcases.HomePageTest" name="VerifyWelcomeNote" time="17.873"/>
  <testcase classname="com.hrms.qa.testcases.HomePageTest" name="VerifyReportlink" time="32.349"/>
</testsuite> <!-- com.hrms.qa.testcases.HomePageTest -->
