<?xml version="1.0" encoding="UTF-8"?>
<!-- Generated by org.testng.reporters.JUnitReportReporter -->
<testsuite hostname="Lenovo-PC" failures="0" tests="3" name="com.hrms.qa.testcases.LoginPageTest" time="54.442" errors="0" timestamp="2020-03-01T16:58:27 IST" skipped="0">
  <testcase classname="com.hrms.qa.testcases.LoginPageTest" name="LoginPageTitleTest" time="20.256"/>
  <testcase classname="com.hrms.qa.testcases.LoginPageTest" name="logoimagetest" time="11.593"/>
  <testcase classname="com.hrms.qa.testcases.LoginPageTest" name="loginTest" time="22.593"/>
</testsuite> <!-- com.hrms.qa.testcases.LoginPageTest -->
